# JRE version: OpenJDK Runtime Environment Corretto-17.0.10.7.1 (17.0.10+7) (build 17.0.10+7-LTS)
# Java VM: OpenJDK 64-Bit Server VM Corretto-17.0.10.7.1 (17.0.10+7-LTS, mixed mode, sharing, tiered, compressed oops, compressed class ptrs, g1 gc, windows-amd64)
GC Precious Log:
 CPUs: 12 total, 12 available
 Memory: 14173M
 Large Page Support: Disabled
 NUMA Support: Disabled
 Compressed Oops: Enabled (32-bit)
 Heap Region Size: 1M
 Heap Min Capacity: 8M
 Heap Initial Capacity: 222M
 Heap Max Capacity: 1G
 Pre-touch: Disabled
 Parallel Workers: 10
 Concurrent Workers: 3
 Concurrent Refinement Workers: 10
 Periodic GC: Disabled
Heap:
 garbage-first heap   total 502784K, used 390648K [0x00000000c0000000, 0x0000000100000000)
  region size 1024K, 118 young (120832K), 18 survivors (18432K)
 Metaspace       used 13373K, committed 13696K, reserved 1114112K
  class space    used 1735K, committed 1856K, reserved 1048576K
GC Heap History (20 events):
Event: 1.665 GC heap before
{Heap before GC invocations=5 (full 0):
 garbage-first heap   total 227328K, used 151040K [0x00000000c0000000, 0x0000000100000000)
  region size 1024K, 75 young (76800K), 10 survivors (10240K)
 Metaspace       used 7688K, committed 7936K, reserved 1114112K
  class space    used 894K, committed 1024K, reserved 1048576K
}
Event: 1.689 GC heap after
{Heap after GC invocations=6 (full 0):
 garbage-first heap   total 227328K, used 100352K [0x00000000c0000000, 0x0000000100000000)
  region size 1024K, 10 young (10240K), 10 survivors (10240K)
 Metaspace       used 7688K, committed 7936K, reserved 1114112K
  class space    used 894K, committed 1024K, reserved 1048576K
}
Event: 1.800 GC heap before
{Heap before GC invocations=6 (full 0):
 garbage-first heap   total 227328K, used 165888K [0x00000000c0000000, 0x0000000100000000)
  region size 1024K, 70 young (71680K), 10 survivors (10240K)
 Metaspace       used 7712K, committed 8000K, reserved 1114112K
  class space    used 894K, committed 1024K, reserved 1048576K
}
Event: 1.829 GC heap after
{Heap after GC invocations=7 (full 0):
 garbage-first heap   total 351232K, used 118784K [0x00000000c0000000, 0x0000000100000000)
  region size 1024K, 9 young (9216K), 9 survivors (9216K)
 Metaspace       used 7712K, committed 8000K, reserved 1114112K
  class space    used 894K, committed 1024K, reserved 1048576K
}
Event: 1.878 GC heap before
{Heap before GC invocations=7 (full 0):
 garbage-first heap   total 351232K, used 161792K [0x00000000c0000000, 0x0000000100000000)
  region size 1024K, 51 young (52224K), 9 survivors (9216K)
 Metaspace       used 7724K, committed 8000K, reserved 1114112K
  class space    used 894K, committed 1024K, reserved 1048576K
}
Event: 1.896 GC heap after
{Heap after GC invocations=8 (full 0):
 garbage-first heap   total 351232K, used 129387K [0x00000000c0000000, 0x0000000100000000)
  region size 1024K, 7 young (7168K), 7 survivors (7168K)
 Metaspace       used 7724K, committed 8000K, reserved 1114112K
  class space    used 894K, committed 1024K, reserved 1048576K
}
Event: 2.200 GC heap before
{Heap before GC invocations=8 (full 0):
 garbage-first heap   total 351232K, used 211307K [0x00000000c0000000, 0x0000000100000000)
  region size 1024K, 87 young (89088K), 7 survivors (7168K)
 Metaspace       used 9971K, committed 10176K, reserved 1114112K
  class space    used 1256K, committed 1344K, reserved 1048576K
}
Event: 2.226 GC heap after
{Heap after GC invocations=9 (full 0):
 garbage-first heap   total 351232K, used 146730K [0x00000000c0000000, 0x0000000100000000)
  region size 1024K, 11 young (11264K), 11 survivors (11264K)
 Metaspace       used 9971K, committed 10176K, reserved 1114112K
  class space    used 1256K, committed 1344K, reserved 1048576K
}
Event: 2.345 GC heap before
{Heap before GC invocations=9 (full 0):
 garbage-first heap   total 351232K, used 254250K [0x00000000c0000000, 0x0000000100000000)
  region size 1024K, 116 young (118784K), 11 survivors (11264K)
 Metaspace       used 10081K, committed 10304K, reserved 1114112K
  class space    used 1258K, committed 1344K, reserved 1048576K
}
Event: 2.369 GC heap after
{Heap after GC invocations=10 (full 0):
 garbage-first heap   total 351232K, used 165167K [0x00000000c0000000, 0x0000000100000000)
  region size 1024K, 15 young (15360K), 15 survivors (15360K)
 Metaspace       used 10081K, committed 10304K, reserved 1114112K
  class space    used 1258K, committed 1344K, reserved 1048576K
}
Event: 2.452 GC heap before
{Heap before GC invocations=10 (full 0):
 garbage-first heap   total 351232K, used 263471K [0x00000000c0000000, 0x0000000100000000)
  region size 1024K, 111 young (113664K), 15 survivors (15360K)
 Metaspace       used 10092K, committed 10304K, reserved 1114112K
  class space    used 1258K, committed 1344K, reserved 1048576K
}
Event: 2.473 GC heap after
{Heap after GC invocations=11 (full 0):
 garbage-first heap   total 502784K, used 181893K [0x00000000c0000000, 0x0000000100000000)
  region size 1024K, 14 young (14336K), 14 survivors (14336K)
 Metaspace       used 10092K, committed 10304K, reserved 1114112K
  class space    used 1258K, committed 1344K, reserved 1048576K
}
Event: 2.834 GC heap before
{Heap before GC invocations=11 (full 0):
 garbage-first heap   total 502784K, used 365189K [0x00000000c0000000, 0x0000000100000000)
  region size 1024K, 191 young (195584K), 14 survivors (14336K)
 Metaspace       used 12291K, committed 12480K, reserved 1114112K
  class space    used 1533K, committed 1600K, reserved 1048576K
}
Event: 2.862 GC heap after
{Heap after GC invocations=12 (full 0):
 garbage-first heap   total 502784K, used 214967K [0x00000000c0000000, 0x0000000100000000)
  region size 1024K, 24 young (24576K), 24 survivors (24576K)
 Metaspace       used 12291K, committed 12480K, reserved 1114112K
  class space    used 1533K, committed 1600K, reserved 1048576K
}
Event: 3.011 GC heap before
{Heap before GC invocations=12 (full 0):
 garbage-first heap   total 502784K, used 371639K [0x00000000c0000000, 0x0000000100000000)
  region size 1024K, 177 young (181248K), 24 survivors (24576K)
 Metaspace       used 12319K, committed 12608K, reserved 1114112K
  class space    used 1535K, committed 1664K, reserved 1048576K
}
Event: 3.038 GC heap after
{Heap after GC invocations=13 (full 0):
 garbage-first heap   total 502784K, used 242688K [0x00000000c0000000, 0x0000000100000000)
  region size 1024K, 23 young (23552K), 23 survivors (23552K)
 Metaspace       used 12319K, committed 12608K, reserved 1114112K
  class space    used 1535K, committed 1664K, reserved 1048576K
}
Event: 3.161 GC heap before
{Heap before GC invocations=13 (full 0):
 garbage-first heap   total 502784K, used 387072K [0x00000000c0000000, 0x0000000100000000)
  region size 1024K, 162 young (165888K), 23 survivors (23552K)
 Metaspace       used 12378K, committed 12608K, reserved 1114112K
  class space    used 1535K, committed 1664K, reserved 1048576K
}
Event: 3.186 GC heap after
{Heap after GC invocations=14 (full 0):
 garbage-first heap   total 502784K, used 270306K [0x00000000c0000000, 0x0000000100000000)
  region size 1024K, 21 young (21504K), 21 survivors (21504K)
 Metaspace       used 12378K, committed 12608K, reserved 1114112K
  class space    used 1535K, committed 1664K, reserved 1048576K
}
Event: 3.263 GC heap before
{Heap before GC invocations=14 (full 0):
 garbage-first heap   total 502784K, used 396258K [0x00000000c0000000, 0x0000000100000000)
  region size 1024K, 144 young (147456K), 21 survivors (21504K)
 Metaspace       used 12408K, committed 12672K, reserved 1114112K
  class space    used 1535K, committed 1664K, reserved 1048576K
}
Event: 3.286 GC heap after
{Heap after GC invocations=15 (full 0):
 garbage-first heap   total 502784K, used 292344K [0x00000000c0000000, 0x0000000100000000)
  region size 1024K, 18 young (18432K), 18 survivors (18432K)
 Metaspace       used 12408K, committed 12672K, reserved 1114112K
  class space    used 1535K, committed 1664K, reserved 1048576K
}

